<?xml version="1.0" encoding="UTF-8"?>
<beans xmlns="http://www.springframework.org/schema/beans"
    xmlns:xsi="http://www.w3.org/2001/XMLSchema-instance" xmlns:context="http://www.springframework.org/schema/context"
    xmlns:tx="http://www.springframework.org/schema/tx" xmlns:jdbc="http://www.springframework.org/schema/jdbc"
    xmlns:p="http://www.springframework.org/schema/p" xmlns:task="http://www.springframework.org/schema/task"
    xsi:schemaLocation="http://www.springframework.org/schema/beans  
     http://www.springframework.org/schema/beans/spring-beans-3.0.xsd  
     http://www.springframework.org/schema/context  
     http://www.springframework.org/schema/context/spring-context-3.0.xsd  
     http://www.springframework.org/schema/tx  
     http://www.springframework.org/schema/tx/spring-tx-3.0.xsd  
     http://www.springframework.org/schema/jdbc  
     http://www.springframework.org/schema/jdbc/spring-jdbc-3.0.xsd http://www.springframework.org/schema/task http://www.springframework.org/schema/task/spring-task.xsd">

    <!-- 加载配置属性文件 -->
    <context:property-placeholder
        ignore-unresolvable="true" location="classpath*:test/*.properties" />

    <!-- 开启异步任务（同时开启定时器注解扫描） -->
    <task:annotation-driven />

    <!-- 使用@AspectJ风格的切面声明 -->
    <!-- <aop:aspectj-autoproxy/> -->

    <!-- 使用Annotation自动注册Bean -->
    <!-- 在主容器中不扫描@Controller注解，在SpringMvc中只扫描@Controller注解 -->
    <context:component-scan base-package="com.scott.dev">
        <context:exclude-filter type="annotation"
            expression="org.springframework.stereotype.Controller" />
    </context:component-scan>
    <!-- <context:component-scan base-package="org.jiucai.appframework" /> -->

    <!-- Activates various annotations to be detected in bean classes -->
    <context:annotation-config />

    <bean class="com.scott.dev.helper.SpringHelper" />

    <!-- 引入MySQL配置 -->
    <import resource="classpath:spring/spring-mysql.xml" />

    <!-- 引入Druid配置 -->
    <!-- <import resource="classpath:spring/spring-druid.xml" /> -->

    <!-- 引入MongoDB配置 -->
    <!-- <import resource="classpath:spring/spring-mongo.xml" /> -->

    <!-- 引入Socket配置 -->
    <!-- <import resource="spring-socket.xml" /> -->

    <!-- 引入定时器任务配置 -->
    <!-- <import resource="classpath*:com/demo/config/spring-job.xml"/> -->

    <!-- 引入hibernate4配置 -->
    <!-- <import resource="spring-hibernate.xml"/> -->

    <!-- 引入缓存配置 -->
    <!-- <import resource="spring-cache.xml"/> -->

    <!-- 引入CXF配置 -->
    <!-- <import resource="test/spring-cxf.xml" /> -->

    <!-- 引入Redis配置（无需如此配置，直接使用RedisUtil即可） -->
    <!-- <import resource="test/spring-jedis.xml"/> -->

</beans>
